zxing/build/outputs/logs/manifest-merger-debug-report.txt
-- Merging decision tree log ---
manifest
ADDED from src\main\AndroidManifest.xml:17:1-142:12
INJECTED from src\main\AndroidManifest.xml:17:1-142:12
INJECTED from src\main\AndroidManifest.xml:17:1-142:12
INJECTED from src\main\AndroidManifest.xml:17:1-142:12
INJECTED from src\main\AndroidManifest.xml:17:1-142:12
INJECTED from src\main\AndroidManifest.xml:17:1-142:12
INJECTED from src\main\AndroidManifest.xml:17:1-142:12
	package
		ADDED from src\main\AndroidManifest.xml:18:11-52
		INJECTED from src\main\AndroidManifest.xml
		INJECTED from src\main\AndroidManifest.xml
	android:versionName
		ADDED from src\main\AndroidManifest.xml:19:11-38
		INJECTED from src\main\AndroidManifest.xml
		INJECTED from src\main\AndroidManifest.xml
	xmlns:android
		ADDED from src\main\AndroidManifest.xml:17:11-69
	android:versionCode
		ADDED from src\main\AndroidManifest.xml:20:11-36
		INJECTED from src\main\AndroidManifest.xml
		INJECTED from src\main\AndroidManifest.xml
	android:installLocation
		ADDED from src\main\AndroidManifest.xml:21:11-41
uses-permission#android.permission.CAMERA
ADDED from src\main\AndroidManifest.xml:23:3-62
	android:name
		ADDED from src\main\AndroidManifest.xml:23:20-60
uses-permission#android.permission.INTERNET
ADDED from src\main\AndroidManifest.xml:24:3-64
	android:name
		ADDED from src\main\AndroidManifest.xml:24:20-62
uses-permission#android.permission.VIBRATE
ADDED from src\main\AndroidManifest.xml:25:3-63
	android:name
		ADDED from src\main\AndroidManifest.xml:25:20-61
uses-permission#android.permission.FLASHLIGHT
ADDED from src\main\AndroidManifest.xml:26:3-66
	android:name
		ADDED from src\main\AndroidManifest.xml:26:20-64
uses-permission#android.permission.READ_CONTACTS
ADDED from src\main\AndroidManifest.xml:27:3-69
	android:name
		ADDED from src\main\AndroidManifest.xml:27:20-67
uses-permission#com.android.browser.permission.READ_HISTORY_BOOKMARKS
ADDED from src\main\AndroidManifest.xml:29:3-90
	android:name
		ADDED from src\main\AndroidManifest.xml:29:20-88
uses-permission#android.permission.WRITE_EXTERNAL_STORAGE
ADDED from src\main\AndroidManifest.xml:30:3-78
	android:name
		ADDED from src\main\AndroidManifest.xml:30:20-76
uses-permission#android.permission.CHANGE_WIFI_STATE
ADDED from src\main\AndroidManifest.xml:31:3-73
	android:name
		ADDED from src\main\AndroidManifest.xml:31:20-71
uses-permission#android.permission.ACCESS_WIFI_STATE
ADDED from src\main\AndroidManifest.xml:32:3-73
	android:name
		ADDED from src\main\AndroidManifest.xml:32:20-71
uses-feature#android.hardware.camera.any
ADDED from src\main\AndroidManifest.xml:35:3-61
	android:name
		ADDED from src\main\AndroidManifest.xml:35:17-59
uses-feature#android.hardware.camera.autofocus
ADDED from src\main\AndroidManifest.xml:36:3-92
	android:required
		ADDED from src\main\AndroidManifest.xml:36:66-90
	android:name
		ADDED from src\main\AndroidManifest.xml:36:17-65
uses-feature#android.hardware.camera.flash
ADDED from src\main\AndroidManifest.xml:37:3-88
	android:required
		ADDED from src\main\AndroidManifest.xml:37:62-86
	android:name
		ADDED from src\main\AndroidManifest.xml:37:17-61
uses-feature#android.hardware.screen.landscape
ADDED from src\main\AndroidManifest.xml:38:3-67
	android:name
		ADDED from src\main\AndroidManifest.xml:38:17-65
uses-feature#android.hardware.wifi
ADDED from src\main\AndroidManifest.xml:39:3-80
	android:required
		ADDED from src\main\AndroidManifest.xml:39:54-78
	android:name
		ADDED from src\main\AndroidManifest.xml:39:17-53
application
ADDED from src\main\AndroidManifest.xml:41:3-140:17
	android:allowBackup
		ADDED from src\main\AndroidManifest.xml:42:16-42
activity#com.google.zxing.client.android.CaptureActivity
ADDED from src\main\AndroidManifest.xml:44:5-86:16
	android:screenOrientation
		ADDED from src\main\AndroidManifest.xml:45:15-51
	android:clearTaskOnLaunch
		ADDED from src\main\AndroidManifest.xml:46:15-47
	android:stateNotNeeded
		ADDED from src\main\AndroidManifest.xml:47:15-44
	android:windowSoftInputMode
		ADDED from src\main\AndroidManifest.xml:49:15-62
	android:theme
		ADDED from src\main\AndroidManifest.xml:48:15-50
	android:name
		ADDED from src\main\AndroidManifest.xml:44:15-46
intent-filter#action:name:com.google.zxing.client.android.SCAN+category:name:android.intent.category.DEFAULT
ADDED from src\main\AndroidManifest.xml:53:7-56:23
action#com.google.zxing.client.android.SCAN
ADDED from src\main\AndroidManifest.xml:54:9-70
	android:name
		ADDED from src\main\AndroidManifest.xml:54:17-68
category#android.intent.category.DEFAULT
ADDED from src\main\AndroidManifest.xml:55:9-67
	android:name
		ADDED from src\main\AndroidManifest.xml:55:19-65
intent-filter#action:name:android.intent.action.VIEW+category:name:android.intent.category.BROWSABLE+category:name:android.intent.category.DEFAULT+data:host:zxing.appspot.com+data:path:/scan+data:scheme:http
ADDED from src\main\AndroidManifest.xml:58:7-63:23
action#android.intent.action.VIEW
ADDED from src\main\AndroidManifest.xml:59:9-60
	android:name
		ADDED from src\main\AndroidManifest.xml:59:17-58
category#android.intent.category.BROWSABLE
ADDED from src\main\AndroidManifest.xml:61:9-69
	android:name
		ADDED from src\main\AndroidManifest.xml:61:19-67
data
ADDED from src\main\AndroidManifest.xml:62:9-92
	android:path
		ADDED from src\main\AndroidManifest.xml:62:70-90
	android:host
		ADDED from src\main\AndroidManifest.xml:62:37-69
	android:scheme
		ADDED from src\main\AndroidManifest.xml:62:15-36
	android:mimeType
		ADDED from src\main\AndroidManifest.xml:101:15-46
intent-filter#action:name:android.intent.action.VIEW+category:name:android.intent.category.BROWSABLE+category:name:android.intent.category.DEFAULT+data:host:www.google.com+data:path:/m/products/scan+data:scheme:http
ADDED from src\main\AndroidManifest.xml:65:7-70:23
intent-filter#action:name:android.intent.action.VIEW+category:name:android.intent.category.BROWSABLE+category:name:android.intent.category.DEFAULT+data:host:www.google.co.uk+data:path:/m/products/scan+data:scheme:http
ADDED from src\main\AndroidManifest.xml:72:7-77:23
intent-filter#action:name:android.intent.action.VIEW+category:name:android.intent.category.BROWSABLE+category:name:android.intent.category.DEFAULT+data:host:scan+data:path:/+data:scheme:zxing
ADDED from src\main\AndroidManifest.xml:79:7-84:23
activity#com.google.zxing.client.android.PreferencesActivity
ADDED from src\main\AndroidManifest.xml:88:5-90:46
	android:stateNotNeeded
		ADDED from src\main\AndroidManifest.xml:90:15-44
	android:label
		ADDED from src\main\AndroidManifest.xml:89:15-55
	android:name
		ADDED from src\main\AndroidManifest.xml:88:15-50
activity#com.google.zxing.client.android.encode.EncodeActivity
ADDED from src\main\AndroidManifest.xml:91:5-109:16
	android:stateNotNeeded
		ADDED from src\main\AndroidManifest.xml:92:15-44
	android:name
		ADDED from src\main\AndroidManifest.xml:91:15-52
intent-filter#action:name:com.google.zxing.client.android.ENCODE+category:name:android.intent.category.DEFAULT
ADDED from src\main\AndroidManifest.xml:93:7-96:23
action#com.google.zxing.client.android.ENCODE
ADDED from src\main\AndroidManifest.xml:94:9-72
	android:name
		ADDED from src\main\AndroidManifest.xml:94:17-70
intent-filter#action:name:android.intent.action.SEND+category:name:android.intent.category.DEFAULT+data:mimeType:text/x-vcard
ADDED from src\main\AndroidManifest.xml:98:7-102:23
action#android.intent.action.SEND
ADDED from src\main\AndroidManifest.xml:99:9-60
	android:name
		ADDED from src\main\AndroidManifest.xml:99:17-58
intent-filter#action:name:android.intent.action.SEND+category:name:android.intent.category.DEFAULT+data:mimeType:text/plain
ADDED from src\main\AndroidManifest.xml:104:7-108:23
activity#com.google.zxing.client.android.book.SearchBookContentsActivity
ADDED from src\main\AndroidManifest.xml:110:5-118:16
	android:screenOrientation
		ADDED from src\main\AndroidManifest.xml:113:15-58
	android:stateNotNeeded
		ADDED from src\main\AndroidManifest.xml:112:15-44
	android:label
		ADDED from src\main\AndroidManifest.xml:111:15-47
	android:name
		ADDED from src\main\AndroidManifest.xml:110:15-62
intent-filter#action:name:com.google.zxing.client.android.SEARCH_BOOK_CONTENTS+category:name:android.intent.category.DEFAULT
ADDED from src\main\AndroidManifest.xml:114:7-117:23
action#com.google.zxing.client.android.SEARCH_BOOK_CONTENTS
ADDED from src\main\AndroidManifest.xml:115:9-86
	android:name
		ADDED from src\main\AndroidManifest.xml:115:17-84
activity#com.google.zxing.client.android.share.ShareActivity
ADDED from src\main\AndroidManifest.xml:119:5-126:16
	android:screenOrientation
		ADDED from src\main\AndroidManifest.xml:121:15-47
	android:stateNotNeeded
		ADDED from src\main\AndroidManifest.xml:120:15-44
	android:name
		ADDED from src\main\AndroidManifest.xml:119:15-50
intent-filter#action:name:com.google.zxing.client.android.SHARE+category:name:android.intent.category.DEFAULT
ADDED from src\main\AndroidManifest.xml:122:7-125:23
action#com.google.zxing.client.android.SHARE
ADDED from src\main\AndroidManifest.xml:123:9-71
	android:name
		ADDED from src\main\AndroidManifest.xml:123:17-69
activity#com.google.zxing.client.android.history.HistoryActivity
ADDED from src\main\AndroidManifest.xml:127:5-129:46
	android:stateNotNeeded
		ADDED from src\main\AndroidManifest.xml:129:15-44
	android:label
		ADDED from src\main\AndroidManifest.xml:128:15-52
	android:name
		ADDED from src\main\AndroidManifest.xml:127:15-54
activity#com.google.zxing.client.android.share.BookmarkPickerActivity
ADDED from src\main\AndroidManifest.xml:130:5-132:46
	android:stateNotNeeded
		ADDED from src\main\AndroidManifest.xml:132:15-44
	android:label
		ADDED from src\main\AndroidManifest.xml:131:15-59
	android:name
		ADDED from src\main\AndroidManifest.xml:130:15-59
activity#com.google.zxing.client.android.share.AppPickerActivity
ADDED from src\main\AndroidManifest.xml:133:5-135:46
	android:stateNotNeeded
		ADDED from src\main\AndroidManifest.xml:135:15-44
	android:label
		ADDED from src\main\AndroidManifest.xml:134:15-54
	android:name
		ADDED from src\main\AndroidManifest.xml:133:15-54
activity#com.google.zxing.client.android.HelpActivity
ADDED from src\main\AndroidManifest.xml:136:5-139:46
	android:screenOrientation
		ADDED from src\main\AndroidManifest.xml:138:15-47
	android:stateNotNeeded
		ADDED from src\main\AndroidManifest.xml:139:15-44
	android:label
		ADDED from src\main\AndroidManifest.xml:137:15-48
	android:name
		ADDED from src\main\AndroidManifest.xml:136:15-43
uses-sdk
INJECTED from src\main\AndroidManifest.xml reason: use-sdk injection requested
INJECTED from src\main\AndroidManifest.xml
INJECTED from src\main\AndroidManifest.xml
INJECTED from src\main\AndroidManifest.xml
INJECTED from src\main\AndroidManifest.xml
	android:targetSdkVersion
		INJECTED from src\main\AndroidManifest.xml
		ADDED from src\main\AndroidManifest.xml
		INJECTED from src\main\AndroidManifest.xml
	android:minSdkVersion
		INJECTED from src\main\AndroidManifest.xml
		ADDED from src\main\AndroidManifest.xml
		INJECTED from src\main\AndroidManifest.xml